Python/Python打包/danji/build/outputs/logs/manifest-merger-release-report.txt
-- Merging decision tree log ---
manifest
ADDED from Android/danji/AndroidManifest.xml:1:39-548:12
	package
		ADDED from Android/danji/AndroidManifest.xml:1:106-131
	android:versionName
		ADDED from Android/danji/AndroidManifest.xml:1:76-105
		INJECTED from Android/danji/AndroidManifest.xml
		INJECTED from Android/danji/AndroidManifest.xml
	android:versionCode
		ADDED from Android/danji/AndroidManifest.xml:1:49-75
		INJECTED from Android/danji/AndroidManifest.xml
		INJECTED from Android/danji/AndroidManifest.xml
	xmlns:android
		ADDED from Android/danji/AndroidManifest.xml:1:132-190
uses-sdk
ADDED from Android/danji/AndroidManifest.xml:4:5-72
	android:targetSdkVersion
		ADDED from Android/danji/AndroidManifest.xml:4:41-70
	android:minSdkVersion
		ADDED from Android/danji/AndroidManifest.xml:4:15-40
uses-permission#android.permission.INTERNET
ADDED from Android/danji/AndroidManifest.xml:5:5-66
	android:name
		ADDED from Android/danji/AndroidManifest.xml:5:22-64
uses-permission#android.permission.ACCESS_NETWORK_STATE
ADDED from Android/danji/AndroidManifest.xml:6:5-78
	android:name
		ADDED from Android/danji/AndroidManifest.xml:6:22-76
uses-permission#android.permission.ACCESS_WIFI_STATE
ADDED from Android/danji/AndroidManifest.xml:7:5-75
	android:name
		ADDED from Android/danji/AndroidManifest.xml:7:22-73
uses-permission#android.permission.CHANGE_NETWORK_STATE
ADDED from Android/danji/AndroidManifest.xml:8:5-78
	android:name
		ADDED from Android/danji/AndroidManifest.xml:8:22-76
uses-permission#android.permission.CHANGE_WIFI_STATE
ADDED from Android/danji/AndroidManifest.xml:9:5-75
	android:name
		ADDED from Android/danji/AndroidManifest.xml:9:22-73
uses-permission#android.permission.READ_PHONE_STATE
ADDED from Android/danji/AndroidManifest.xml:10:5-74
	android:name
		ADDED from Android/danji/AndroidManifest.xml:10:22-72
uses-permission#android.permission.WRITE_EXTERNAL_STORAGE
ADDED from Android/danji/AndroidManifest.xml:11:5-80
	android:name
		ADDED from Android/danji/AndroidManifest.xml:11:22-78
uses-permission#android.permission.WAKE_LOCK
ADDED from Android/danji/AndroidManifest.xml:12:5-67
	android:name
		ADDED from Android/danji/AndroidManifest.xml:12:22-65
uses-permission#android.permission.VIBRATE
ADDED from Android/danji/AndroidManifest.xml:13:5-65
	android:name
		ADDED from Android/danji/AndroidManifest.xml:13:22-63
uses-permission#android.permission.CHANGE_CONFIGURATION
ADDED from Android/danji/AndroidManifest.xml:14:5-78
	android:name
		ADDED from Android/danji/AndroidManifest.xml:14:22-76
uses-permission#android.permission.CALL_PHONE
ADDED from Android/danji/AndroidManifest.xml:15:4-67
	android:name
		ADDED from Android/danji/AndroidManifest.xml:15:21-65
uses-permission#android.permission.GET_TASKS
ADDED from Android/danji/AndroidManifest.xml:16:4-66
	android:name
		ADDED from Android/danji/AndroidManifest.xml:16:21-64
uses-permission#android.permission.MOUNT_UNMOUNT_FILESYSTEMS
ADDED from Android/danji/AndroidManifest.xml:17:4-82
	android:name
		ADDED from Android/danji/AndroidManifest.xml:17:21-80
uses-permission#android.permission.READ_CONTACTS
ADDED from Android/danji/AndroidManifest.xml:18:4-70
	android:name
		ADDED from Android/danji/AndroidManifest.xml:18:21-68
uses-permission#android.permission.SYSTEM_ALERT_WINDOW
ADDED from Android/danji/AndroidManifest.xml:19:4-76
	android:name
		ADDED from Android/danji/AndroidManifest.xml:19:21-74
uses-permission#android.permission.SYSTEM_OVERLAY_WINDOW
ADDED from Android/danji/AndroidManifest.xml:20:4-78
	android:name
		ADDED from Android/danji/AndroidManifest.xml:20:21-76
uses-permission#android.permission.ACCESS_COARSE_LOCATION
ADDED from Android/danji/AndroidManifest.xml:21:4-79
	android:name
		ADDED from Android/danji/AndroidManifest.xml:21:21-77
uses-permission#android.permission.READ_EXTERNAL_STORAGE
ADDED from Android/danji/AndroidManifest.xml:22:4-78
	android:name
		ADDED from Android/danji/AndroidManifest.xml:22:21-76
uses-permission#android.permission.GET_PACKAGE_SIZE
ADDED from Android/danji/AndroidManifest.xml:23:4-73
	android:name
		ADDED from Android/danji/AndroidManifest.xml:23:21-71
uses-permission#android.permission.WRITE_SETTINGS
ADDED from Android/danji/AndroidManifest.xml:24:4-71
	android:name
		ADDED from Android/danji/AndroidManifest.xml:24:21-69
uses-permission#com.android.launcher.permission.UNINSTALL_SHORTCUT
ADDED from Android/danji/AndroidManifest.xml:25:4-88
	android:name
		ADDED from Android/danji/AndroidManifest.xml:25:21-86
uses-permission#android.permission.READ_LOGS
ADDED from Android/danji/AndroidManifest.xml:26:2-64
	android:name
		ADDED from Android/danji/AndroidManifest.xml:26:19-62
uses-permission#android.permission.SEND_SMS
ADDED from Android/danji/AndroidManifest.xml:37:5-66
	android:name
		ADDED from Android/danji/AndroidManifest.xml:37:22-64
uses-permission#android.permission.RECEIVE_SMS
ADDED from Android/danji/AndroidManifest.xml:38:5-69
	android:name
		ADDED from Android/danji/AndroidManifest.xml:38:22-67
uses-permission#android.permission.READ_SMS
ADDED from Android/danji/AndroidManifest.xml:39:5-66
	android:name
		ADDED from Android/danji/AndroidManifest.xml:39:22-64
uses-permission#android.permission.WRITE_SMS
ADDED from Android/danji/AndroidManifest.xml:40:5-67
	android:name
		ADDED from Android/danji/AndroidManifest.xml:40:22-65
uses-permission#android.permission.UPDATE_APP_OPS_STATS
ADDED from Android/danji/AndroidManifest.xml:41:5-78
	android:name
		ADDED from Android/danji/AndroidManifest.xml:41:22-76
uses-permission#android.permission.DISABLE_KEYGUARD
ADDED from Android/danji/AndroidManifest.xml:46:5-74
	android:name
		ADDED from Android/danji/AndroidManifest.xml:46:22-72
uses-permission#android.permission.RECORD_AUDIO
ADDED from Android/danji/AndroidManifest.xml:47:5-70
	android:name
		ADDED from Android/danji/AndroidManifest.xml:47:22-68
uses-permission#android.permission.MODIFY_AUDIO_SETTINGS
ADDED from Android/danji/AndroidManifest.xml:52:5-79
	android:name
		ADDED from Android/danji/AndroidManifest.xml:52:22-77
uses-permission#com.android.launcher.permission.INSTALL_SHORTCUT
ADDED from Android/danji/AndroidManifest.xml:65:5-87
	android:name
		ADDED from Android/danji/AndroidManifest.xml:65:22-85
uses-permission#android.permission.BLUETOOTH
ADDED from Android/danji/AndroidManifest.xml:72:4-66
	android:name
		ADDED from Android/danji/AndroidManifest.xml:72:21-64
uses-permission#android.permission.BLUETOOTH_ADMIN
ADDED from Android/danji/AndroidManifest.xml:73:2-70
	android:name
		ADDED from Android/danji/AndroidManifest.xml:73:19-68
uses-permission#android.permission.ACCESS_FINE_LOCATION
ADDED from Android/danji/AndroidManifest.xml:74:2-75
	android:name
		ADDED from Android/danji/AndroidManifest.xml:74:19-73
uses-permission#android.permission.RECEIVE_BOOT_COMPLETED
ADDED from Android/danji/AndroidManifest.xml:76:3-78
	android:name
		ADDED from Android/danji/AndroidManifest.xml:76:20-76
uses-permission#getui.permission.GetuiService.com.og.danjiddz
ADDED from Android/danji/AndroidManifest.xml:77:3-82
	android:name
		ADDED from Android/danji/AndroidManifest.xml:77:20-80
permission#getui.permission.GetuiService.com.og.danjiddz
ADDED from Android/danji/AndroidManifest.xml:93:3-94:15
	android:protectionLevel
		ADDED from Android/danji/AndroidManifest.xml:93:76-108
	android:name
		ADDED from Android/danji/AndroidManifest.xml:93:15-75
uses-permission#com.android.launcher.permission.READ_SETTINGS
ADDED from Android/danji/AndroidManifest.xml:98:6-85
	android:name
		ADDED from Android/danji/AndroidManifest.xml:98:23-83
uses-feature#0x00020000
ADDED from Android/danji/AndroidManifest.xml:107:2-74
	android:glEsVersion
		ADDED from Android/danji/AndroidManifest.xml:107:16-48
	android:required
		ADDED from Android/danji/AndroidManifest.xml:107:49-72
supports-screens
ADDED from Android/danji/AndroidManifest.xml:109:2-158
	android:largeScreens
		ADDED from Android/danji/AndroidManifest.xml:109:46-73
	android:smallScreens
		ADDED from Android/danji/AndroidManifest.xml:109:129-156
	android:normalScreens
		ADDED from Android/danji/AndroidManifest.xml:109:74-102
	android:resizeable
		ADDED from Android/danji/AndroidManifest.xml:109:103-128
	android:anyDensity
		ADDED from Android/danji/AndroidManifest.xml:109:20-45
application
ADDED from Android/danji/AndroidManifest.xml:111:5-547:15
	android:label
		ADDED from Android/danji/AndroidManifest.xml:111:112-144
	android:hardwareAccelerated
		ADDED from Android/danji/AndroidManifest.xml:111:46-81
	android:allowBackup
		ADDED from Android/danji/AndroidManifest.xml:111:18-45
	android:icon
		ADDED from Android/danji/AndroidManifest.xml:111:82-111
	android:theme
		ADDED from Android/danji/AndroidManifest.xml:111:195-253
	android:name
		ADDED from Android/danji/AndroidManifest.xml:111:145-194
activity#com.og.danjiddz.LandlordDJ
ADDED from Android/danji/AndroidManifest.xml:114:9-119:20
	android:screenOrientation
		ADDED from Android/danji/AndroidManifest.xml:114:141-184
	android:label
		ADDED from Android/danji/AndroidManifest.xml:114:81-113
	android:windowSoftInputMode
		ADDED from Android/danji/AndroidManifest.xml:114:244-283
	android:configChanges
		ADDED from Android/danji/AndroidManifest.xml:114:19-80
	android:theme
		ADDED from Android/danji/AndroidManifest.xml:114:185-243
	android:name
		ADDED from Android/danji/AndroidManifest.xml:114:114-140
intent-filter#android.intent.action.CHINAMOBILE_OMS_GAME+android.intent.category.CHINAMOBILE_GAMES
ADDED from Android/danji/AndroidManifest.xml:115:4-118:20
action#android.intent.action.CHINAMOBILE_OMS_GAME
ADDED from Android/danji/AndroidManifest.xml:116:5-72
	android:name
		ADDED from Android/danji/AndroidManifest.xml:116:13-70
category#android.intent.category.CHINAMOBILE_GAMES
ADDED from Android/danji/AndroidManifest.xml:117:5-73
	android:name
		ADDED from Android/danji/AndroidManifest.xml:117:15-71
activity#com.og.unite.loginAcitvity.LoginActivity
ADDED from Android/danji/AndroidManifest.xml:121:3-286
	android:screenOrientation
		ADDED from Android/danji/AndroidManifest.xml:121:129-172
	android:windowSoftInputMode
		ADDED from Android/danji/AndroidManifest.xml:121:233-284
	android:configChanges
		ADDED from Android/danji/AndroidManifest.xml:121:13-72
	android:theme
		ADDED from Android/danji/AndroidManifest.xml:121:173-232
	android:name
		ADDED from Android/danji/AndroidManifest.xml:121:73-128
service#com.umeng.common.net.DownloadingService
ADDED from Android/danji/AndroidManifest.xml:125:9-126:19
	android:process
		ADDED from Android/danji/AndroidManifest.xml:125:98-135
	android:exported
		ADDED from Android/danji/AndroidManifest.xml:125:18-42
	android:name
		ADDED from Android/danji/AndroidManifest.xml:125:43-97
service#com.og.unite.main.OGSDKService
ADDED from Android/danji/AndroidManifest.xml:127:3-59
	android:name
		ADDED from Android/danji/AndroidManifest.xml:127:12-57
activity#com.umeng.fb.ConversationActivity
ADDED from Android/danji/AndroidManifest.xml:129:9-130:20
	android:screenOrientation
		ADDED from Android/danji/AndroidManifest.xml:129:68-111
	android:windowSoftInputMode
		ADDED from Android/danji/AndroidManifest.xml:129:171-213
	android:theme
		ADDED from Android/danji/AndroidManifest.xml:129:112-170
	android:name
		ADDED from Android/danji/AndroidManifest.xml:129:19-67
activity#com.umeng.fb.ContactActivity
ADDED from Android/danji/AndroidManifest.xml:131:9-132:20
	android:screenOrientation
		ADDED from Android/danji/AndroidManifest.xml:131:63-106
	android:windowSoftInputMode
		ADDED from Android/danji/AndroidManifest.xml:131:166-208
	android:theme
		ADDED from Android/danji/AndroidManifest.xml:131:107-165
	android:name
		ADDED from Android/danji/AndroidManifest.xml:131:19-62
service#com.umeng.update.net.DownloadingService
ADDED from Android/danji/AndroidManifest.xml:135:9-136:13
	android:process
		ADDED from Android/danji/AndroidManifest.xml:135:73-110
	android:name
		ADDED from Android/danji/AndroidManifest.xml:135:18-72
activity#com.umeng.update.UpdateDialogActivity
ADDED from Android/danji/AndroidManifest.xml:137:3-138:14
	android:theme
		ADDED from Android/danji/AndroidManifest.xml:137:66-125
	android:name
		ADDED from Android/danji/AndroidManifest.xml:137:13-65
receiver#com.og.unite.sms.InterceptSmsReciever
ADDED from Android/danji/AndroidManifest.xml:141:3-145:14
	android:name
		ADDED from Android/danji/AndroidManifest.xml:141:13-65
intent-filter#android.provider.Telephony.SMS_RECEIVED
ADDED from Android/danji/AndroidManifest.xml:142:4-144:20
	android:priority
		ADDED from Android/danji/AndroidManifest.xml:142:19-48
action#android.provider.Telephony.SMS_RECEIVED
ADDED from Android/danji/AndroidManifest.xml:143:4-68
	android:name
		ADDED from Android/danji/AndroidManifest.xml:143:12-66
receiver#com.og.common.OGNetState
ADDED from Android/danji/AndroidManifest.xml:148:9-152:20
	android:name
		ADDED from Android/danji/AndroidManifest.xml:148:19-58
intent-filter#android.net.conn.CONNECTIVITY_CHANGE
ADDED from Android/danji/AndroidManifest.xml:149:13-151:29
action#android.net.conn.CONNECTIVITY_CHANGE
ADDED from Android/danji/AndroidManifest.xml:150:17-78
	android:name
		ADDED from Android/danji/AndroidManifest.xml:150:25-76
meta-data#UMENG_APPKEY
ADDED from Android/danji/AndroidManifest.xml:155:9-90
	android:value
		ADDED from Android/danji/AndroidManifest.xml:155:48-88
	android:name
		ADDED from Android/danji/AndroidManifest.xml:155:20-47
meta-data#UMENG_CHANNEL
ADDED from Android/danji/AndroidManifest.xml:156:9-72
	android:value
		ADDED from Android/danji/AndroidManifest.xml:156:49-70
	android:name
		ADDED from Android/danji/AndroidManifest.xml:156:20-48
meta-data#OG_APPID
ADDED from Android/danji/AndroidManifest.xml:157:9-70
	android:value
		ADDED from Android/danji/AndroidManifest.xml:157:44-68
	android:name
		ADDED from Android/danji/AndroidManifest.xml:157:20-43
meta-data#OG_APPCHANNEL
ADDED from Android/danji/AndroidManifest.xml:158:9-72
	android:value
		ADDED from Android/danji/AndroidManifest.xml:158:49-70
	android:name
		ADDED from Android/danji/AndroidManifest.xml:158:20-48
meta-data#OG_APPKEY
ADDED from Android/danji/AndroidManifest.xml:159:9-71
	android:value
		ADDED from Android/danji/AndroidManifest.xml:159:45-69
	android:name
		ADDED from Android/danji/AndroidManifest.xml:159:20-44
meta-data#GAME_ID
ADDED from Android/danji/AndroidManifest.xml:160:9-66
	android:value
		ADDED from Android/danji/AndroidManifest.xml:160:43-64
	android:name
		ADDED from Android/danji/AndroidManifest.xml:160:20-42
meta-data#EGAME_CHANNEL
ADDED from Android/danji/AndroidManifest.xml:161:9-75
	android:value
		ADDED from Android/danji/AndroidManifest.xml:161:49-73
	android:name
		ADDED from Android/danji/AndroidManifest.xml:161:20-48
meta-data#OG_GAMEID
ADDED from Android/danji/AndroidManifest.xml:162:9-68
	android:value
		ADDED from Android/danji/AndroidManifest.xml:162:45-66
	android:name
		ADDED from Android/danji/AndroidManifest.xml:162:20-44
meta-data#BUGLY_APP_CHANNEL
ADDED from Android/danji/AndroidManifest.xml:164:6-73
	android:value
		ADDED from Android/danji/AndroidManifest.xml:164:50-71
	android:name
		ADDED from Android/danji/AndroidManifest.xml:164:17-49
activity#com.og.unite.charge.PayUIActivity
ADDED from Android/danji/AndroidManifest.xml:168:9-169:20
	android:screenOrientation
		ADDED from Android/danji/AndroidManifest.xml:168:139-182
	android:configChanges
		ADDED from Android/danji/AndroidManifest.xml:168:19-89
	android:theme
		ADDED from Android/danji/AndroidManifest.xml:168:183-217
	android:name
		ADDED from Android/danji/AndroidManifest.xml:168:90-138
meta-data#PUSH_APPID
ADDED from Android/danji/AndroidManifest.xml:173:9-86
	android:value
		ADDED from Android/danji/AndroidManifest.xml:173:46-84
	android:name
		ADDED from Android/danji/AndroidManifest.xml:173:20-45
meta-data#PUSH_APPKEY
ADDED from Android/danji/AndroidManifest.xml:174:9-87
	android:value
		ADDED from Android/danji/AndroidManifest.xml:174:47-85
	android:name
		ADDED from Android/danji/AndroidManifest.xml:174:20-46
meta-data#PUSH_APPSECRET
ADDED from Android/danji/AndroidManifest.xml:175:9-90
	android:value
		ADDED from Android/danji/AndroidManifest.xml:175:50-88
	android:name
		ADDED from Android/danji/AndroidManifest.xml:175:20-49
service#com.igexin.sdk.PushService
ADDED from Android/danji/AndroidManifest.xml:178:9-179:19
	android:process
		ADDED from Android/danji/AndroidManifest.xml:178:119-149
	android:label
		ADDED from Android/danji/AndroidManifest.xml:178:42-76
	android:exported
		ADDED from Android/danji/AndroidManifest.xml:178:18-41
	android:name
		ADDED from Android/danji/AndroidManifest.xml:178:77-118
service#com.igexin.sdk.PushServiceUser
ADDED from Android/danji/AndroidManifest.xml:180:9-181:19
	android:label
		ADDED from Android/danji/AndroidManifest.xml:180:42-80
	android:exported
		ADDED from Android/danji/AndroidManifest.xml:180:18-41
	android:name
		ADDED from Android/danji/AndroidManifest.xml:180:81-126
receiver#com.igexin.sdk.PushReceiver
ADDED from Android/danji/AndroidManifest.xml:183:9-194:20
	android:name
		ADDED from Android/danji/AndroidManifest.xml:183:19-61
intent-filter#android.intent.action.ACTION_POWER_CONNECTED+android.intent.action.ACTION_POWER_DISCONNECTED+android.intent.action.BOOT_COMPLETED+android.intent.action.MEDIA_MOUNTED+android.intent.action.USER_PRESENT+android.net.conn.CONNECTIVITY_CHANGE+com.igexin.sdk.action.refreshls
ADDED from Android/danji/AndroidManifest.xml:184:13-193:29
action#android.intent.action.BOOT_COMPLETED
ADDED from Android/danji/AndroidManifest.xml:185:17-78
	android:name
		ADDED from Android/danji/AndroidManifest.xml:185:25-76
action#android.intent.action.USER_PRESENT
ADDED from Android/danji/AndroidManifest.xml:187:17-76
	android:name
		ADDED from Android/danji/AndroidManifest.xml:187:25-74
action#com.igexin.sdk.action.refreshls
ADDED from Android/danji/AndroidManifest.xml:188:17-73
	android:name
		ADDED from Android/danji/AndroidManifest.xml:188:25-71
action#android.intent.action.MEDIA_MOUNTED
ADDED from Android/danji/AndroidManifest.xml:190:17-77
	android:name
		ADDED from Android/danji/AndroidManifest.xml:190:25-75
action#android.intent.action.ACTION_POWER_CONNECTED
ADDED from Android/danji/AndroidManifest.xml:191:17-86
	android:name
		ADDED from Android/danji/AndroidManifest.xml:191:25-84
action#android.intent.action.ACTION_POWER_DISCONNECTED
ADDED from Android/danji/AndroidManifest.xml:192:17-89
	android:name
		ADDED from Android/danji/AndroidManifest.xml:192:25-87
receiver#com.igexin.sdk.PushManagerReceiver
ADDED from Android/danji/AndroidManifest.xml:196:9-200:20
	android:exported
		ADDED from Android/danji/AndroidManifest.xml:196:19-43
	android:name
		ADDED from Android/danji/AndroidManifest.xml:196:44-93
intent-filter#com.igexin.sdk.action.pushmanager
ADDED from Android/danji/AndroidManifest.xml:197:13-199:29
action#com.igexin.sdk.action.pushmanager
ADDED from Android/danji/AndroidManifest.xml:198:17-75
	android:name
		ADDED from Android/danji/AndroidManifest.xml:198:25-73
activity#com.igexin.sdk.PushActivity
ADDED from Android/danji/AndroidManifest.xml:201:9-202:20
	android:process
		ADDED from Android/danji/AndroidManifest.xml:201:121-151
	android:excludeFromRecents
		ADDED from Android/danji/AndroidManifest.xml:201:19-52
	android:exported
		ADDED from Android/danji/AndroidManifest.xml:201:53-77
	android:theme
		ADDED from Android/danji/AndroidManifest.xml:201:207-266
	android:taskAffinity
		ADDED from Android/danji/AndroidManifest.xml:201:152-206
	android:name
		ADDED from Android/danji/AndroidManifest.xml:201:78-120
activity#com.igexin.sdk.GActivity
ADDED from Android/danji/AndroidManifest.xml:203:9-264
	android:process
		ADDED from Android/danji/AndroidManifest.xml:203:117-147
	android:excludeFromRecents
		ADDED from Android/danji/AndroidManifest.xml:203:19-52
	android:exported
		ADDED from Android/danji/AndroidManifest.xml:203:53-76
	android:theme
		ADDED from Android/danji/AndroidManifest.xml:203:203-262
	android:taskAffinity
		ADDED from Android/danji/AndroidManifest.xml:203:148-202
	android:name
		ADDED from Android/danji/AndroidManifest.xml:203:77-116
service#com.igexin.download.DownloadService
ADDED from Android/danji/AndroidManifest.xml:204:9-101
	android:process
		ADDED from Android/danji/AndroidManifest.xml:204:69-99
	android:name
		ADDED from Android/danji/AndroidManifest.xml:204:18-68
receiver#com.igexin.download.DownloadReceiver
ADDED from Android/danji/AndroidManifest.xml:206:9-210:20
	android:name
		ADDED from Android/danji/AndroidManifest.xml:206:19-70
provider#com.igexin.download.DownloadProvider
ADDED from Android/danji/AndroidManifest.xml:212:9-175
	android:authorities
		ADDED from Android/danji/AndroidManifest.xml:212:19-66
	android:process
		ADDED from Android/danji/AndroidManifest.xml:212:143-173
	android:exported
		ADDED from Android/danji/AndroidManifest.xml:212:67-90
	android:name
		ADDED from Android/danji/AndroidManifest.xml:212:91-142
receiver#com.og.common.OGGetuiReceiver
ADDED from Android/danji/AndroidManifest.xml:214:9-218:14
	android:exported
		ADDED from Android/danji/AndroidManifest.xml:214:19-43
	android:name
		ADDED from Android/danji/AndroidManifest.xml:214:44-88
intent-filter#com.igexin.sdk.action.deL1jLcxtrAjUQs3mEzSdA
ADDED from Android/danji/AndroidManifest.xml:215:7-217:26
action#com.igexin.sdk.action.deL1jLcxtrAjUQs3mEzSdA
ADDED from Android/danji/AndroidManifest.xml:216:11-80
	android:name
		ADDED from Android/danji/AndroidManifest.xml:216:19-78
receiver#com.mfkj.pay.app.IReceiver
ADDED from Android/danji/AndroidManifest.xml:223:9-228:20
	android:name
		ADDED from Android/danji/AndroidManifest.xml:223:19-60
intent-filter#android.intent.category.DEFAULT+android.provider.Telephony.SMS_RECEIVED
ADDED from Android/danji/AndroidManifest.xml:224:13-227:29
	android:priority
		ADDED from Android/danji/AndroidManifest.xml:224:28-51
category#android.intent.category.DEFAULT
ADDED from Android/danji/AndroidManifest.xml:226:17-75
	android:name
		ADDED from Android/danji/AndroidManifest.xml:226:27-73
activity#com.og.danjiddz.wxapi.WXPayEntryActivity
ADDED from Android/danji/AndroidManifest.xml:239:9-240:20
	android:launchMode
		ADDED from Android/danji/AndroidManifest.xml:239:43-73
	android:exported
		ADDED from Android/danji/AndroidManifest.xml:239:19-42
	android:theme
		ADDED from Android/danji/AndroidManifest.xml:239:115-161
	android:name
		ADDED from Android/danji/AndroidManifest.xml:239:74-114
activity#com.unicom.wostore.unipay.paysecurity.SecurityActivity
ADDED from Android/danji/AndroidManifest.xml:246:9-247:20
	android:exported
		ADDED from Android/danji/AndroidManifest.xml:246:66-89
	android:configChanges
		ADDED from Android/danji/AndroidManifest.xml:246:19-65
	android:theme
		ADDED from Android/danji/AndroidManifest.xml:246:160-219
	android:name
		ADDED from Android/danji/AndroidManifest.xml:246:90-159
service#com.unicom.wostore.unipay.paysecurity.SecurityServiceFramework
ADDED from Android/danji/AndroidManifest.xml:249:9-97
	android:name
		ADDED from Android/danji/AndroidManifest.xml:249:18-95
service#com.unicom.wostore.unipay.paysecurity.UpdateService
ADDED from Android/danji/AndroidManifest.xml:250:9-118
	android:process
		ADDED from Android/danji/AndroidManifest.xml:250:85-116
	android:name
		ADDED from Android/danji/AndroidManifest.xml:250:18-84
activity#com.ipaynow.wechatpay.plugin.inner_plugin.wechat_plugin.activity.WeChatNotifyActivity
ADDED from Android/danji/AndroidManifest.xml:252:9-253:20
	android:screenOrientation
		ADDED from Android/danji/AndroidManifest.xml:252:241-275
	android:configChanges
		ADDED from Android/danji/AndroidManifest.xml:252:19-139
	android:theme
		ADDED from Android/danji/AndroidManifest.xml:252:276-319
	android:name
		ADDED from Android/danji/AndroidManifest.xml:252:140-240
activity#com.ipaynow.qqpay.plugin.ipview.QQPayAndNotifyView
ADDED from Android/danji/AndroidManifest.xml:255:9-256:20
	android:screenOrientation
		ADDED from Android/danji/AndroidManifest.xml:255:206-240
	android:configChanges
		ADDED from Android/danji/AndroidManifest.xml:255:19-139
	android:theme
		ADDED from Android/danji/AndroidManifest.xml:255:241-284
	android:name
		ADDED from Android/danji/AndroidManifest.xml:255:140-205
activity#com.alipay.sdk.app.H5PayActivity
ADDED from Android/danji/AndroidManifest.xml:258:9-259:20
	android:screenOrientation
		ADDED from Android/danji/AndroidManifest.xml:258:154-188
	android:exported
		ADDED from Android/danji/AndroidManifest.xml:258:81-105
	android:configChanges
		ADDED from Android/danji/AndroidManifest.xml:258:19-80
	android:name
		ADDED from Android/danji/AndroidManifest.xml:258:106-153
activity#com.alipay.sdk.auth.AuthActivity
ADDED from Android/danji/AndroidManifest.xml:261:9-262:20
	android:screenOrientation
		ADDED from Android/danji/AndroidManifest.xml:261:154-188
	android:exported
		ADDED from Android/danji/AndroidManifest.xml:261:81-105
	android:configChanges
		ADDED from Android/danji/AndroidManifest.xml:261:19-80
	android:name
		ADDED from Android/danji/AndroidManifest.xml:261:106-153
meta-data#wostore_billing_otherpay
ADDED from Android/danji/AndroidManifest.xml:264:9-83
	android:value
		ADDED from Android/danji/AndroidManifest.xml:264:60-81
	android:name
		ADDED from Android/danji/AndroidManifest.xml:264:20-59
meta-data#wostore_billing_chinaunicom
ADDED from Android/danji/AndroidManifest.xml:265:9-85
	android:value
		ADDED from Android/danji/AndroidManifest.xml:265:63-83
	android:name
		ADDED from Android/danji/AndroidManifest.xml:265:20-62
meta-data#wostore_billing_chinamobile
ADDED from Android/danji/AndroidManifest.xml:266:9-86
	android:value
		ADDED from Android/danji/AndroidManifest.xml:266:63-84
	android:name
		ADDED from Android/danji/AndroidManifest.xml:266:20-62
meta-data#wostore_billing_chinatele
ADDED from Android/danji/AndroidManifest.xml:267:9-84
	android:value
		ADDED from Android/danji/AndroidManifest.xml:267:61-82
	android:name
		ADDED from Android/danji/AndroidManifest.xml:267:20-60
meta-data#EGAME_IAPPPAY
ADDED from Android/danji/AndroidManifest.xml:272:9-72
	android:value
		ADDED from Android/danji/AndroidManifest.xml:272:49-70
	android:name
		ADDED from Android/danji/AndroidManifest.xml:272:20-48
meta-data#EGAME_ALIPAY
ADDED from Android/danji/AndroidManifest.xml:273:9-71
	android:value
		ADDED from Android/danji/AndroidManifest.xml:273:48-69
	android:name
		ADDED from Android/danji/AndroidManifest.xml:273:20-47
meta-data#EGAME_UNIPAY
ADDED from Android/danji/AndroidManifest.xml:274:9-71
	android:value
		ADDED from Android/danji/AndroidManifest.xml:274:48-69
	android:name
		ADDED from Android/danji/AndroidManifest.xml:274:20-47
meta-data#EGAME_NOWWECHATPAY
ADDED from Android/danji/AndroidManifest.xml:275:9-77
	android:value
		ADDED from Android/danji/AndroidManifest.xml:275:54-75
	android:name
		ADDED from Android/danji/AndroidManifest.xml:275:20-53
meta-data#EGAME_CARDPSWD
ADDED from Android/danji/AndroidManifest.xml:276:9-73
	android:value
		ADDED from Android/danji/AndroidManifest.xml:276:50-71
	android:name
		ADDED from Android/danji/AndroidManifest.xml:276:20-49
meta-data#EGAME_HUAFEI_CARD
ADDED from Android/danji/AndroidManifest.xml:277:9-76
	android:value
		ADDED from Android/danji/AndroidManifest.xml:277:53-74
	android:name
		ADDED from Android/danji/AndroidManifest.xml:277:20-52
activity#egame.terminal.usersdk.customview.FloatViewActivity
ADDED from Android/danji/AndroidManifest.xml:278:9-279:20
	android:screenOrientation
		ADDED from Android/danji/AndroidManifest.xml:278:86-129
	android:theme
		ADDED from Android/danji/AndroidManifest.xml:278:130-172
	android:name
		ADDED from Android/danji/AndroidManifest.xml:278:19-85
activity#egame.terminal.usersdk.customview.floatview.EgameBrowserActivity
ADDED from Android/danji/AndroidManifest.xml:280:9-281:20
	android:screenOrientation
		ADDED from Android/danji/AndroidManifest.xml:280:99-142
	android:theme
		ADDED from Android/danji/AndroidManifest.xml:280:143-185
	android:name
		ADDED from Android/danji/AndroidManifest.xml:280:19-98
activity#cn.egame.terminal.paysdk.EgamePayActivity
ADDED from Android/danji/AndroidManifest.xml:282:9-283:20
	android:screenOrientation
		ADDED from Android/danji/AndroidManifest.xml:282:138-181
	android:configChanges
		ADDED from Android/danji/AndroidManifest.xml:282:19-80
	android:theme
		ADDED from Android/danji/AndroidManifest.xml:282:182-252
	android:name
		ADDED from Android/danji/AndroidManifest.xml:282:81-137
receiver#cn.egame.terminal.sdk.EgameCoreReceiver
ADDED from Android/danji/AndroidManifest.xml:285:9-304:20
	android:name
		ADDED from Android/danji/AndroidManifest.xml:285:19-73
intent-filter#android.intent.action.BOOT_COMPLETED+android.intent.action.USER_PRESENT+android.intent.category.DEFAULT+android.net.conn.CONNECTIVITY_CHANGE
ADDED from Android/danji/AndroidManifest.xml:286:13-292:29
	android:priority
		ADDED from Android/danji/AndroidManifest.xml:286:28-51
intent-filter#android.intent.action.PACKAGE_ADDED+android.intent.action.PACKAGE_REMOVED
ADDED from Android/danji/AndroidManifest.xml:293:13-298:29
action#android.intent.action.PACKAGE_ADDED
ADDED from Android/danji/AndroidManifest.xml:294:17-77
	android:name
		ADDED from Android/danji/AndroidManifest.xml:294:25-75
action#android.intent.action.PACKAGE_REMOVED
ADDED from Android/danji/AndroidManifest.xml:295:17-79
	android:name
		ADDED from Android/danji/AndroidManifest.xml:295:25-77
data
ADDED from Android/danji/AndroidManifest.xml:297:17-49
	android:scheme
		ADDED from Android/danji/AndroidManifest.xml:297:23-47
intent-filter#android.intent.category.DEFAULT+cn.egame.terminal.sdk.RECEIVER_CMD
ADDED from Android/danji/AndroidManifest.xml:299:13-303:29
action#cn.egame.terminal.sdk.RECEIVER_CMD
ADDED from Android/danji/AndroidManifest.xml:300:17-76
	android:name
		ADDED from Android/danji/AndroidManifest.xml:300:25-74
service#cn.egame.terminal.sdk.EgameCoreService
ADDED from Android/danji/AndroidManifest.xml:306:9-312:19
	android:process
		ADDED from Android/danji/AndroidManifest.xml:306:72-100